<?xml version="1.0" encoding="UTF-8"?>
<!-- Generated by org.testng.reporters.JUnitReportReporter -->
<testsuite hostname="pc-PC" name="sourceCode.FourModulesExcel" tests="4" failures="0" timestamp="5 Apr 2019 12:55:28 GMT" time="103.891" errors="0">
  <testcase name="generalMtd" time="12.412" classname="sourceCode.FourModulesExcel"/>
  <testcase name="generalMtd" time="44.081" classname="sourceCode.FourModulesExcel"/>
  <testcase name="generalMtd" time="32.412" classname="sourceCode.FourModulesExcel"/>
  <testcase name="generalMtd" time="14.986" classname="sourceCode.FourModulesExcel"/>
</testsuite>
